{"/Users/guvenaltunsoy/Desktop/perfanalysis/API/config/index.ts": {"path":"/Users/guvenaltunsoy/Desktop/perfanalysis/API/config/index.ts","statementMap":{"0":{"start":{"line":2,"column":0},"end":{"line":2,"column":62}},"1":{"start":{"line":3,"column":16},"end":{"line":3,"column":38}},"2":{"start":{"line":4,"column":16},"end":{"line":4,"column":39}},"3":{"start":{"line":5,"column":16},"end":{"line":5,"column":39}},"4":{"start":{"line":6,"column":23},"end":{"line":17,"column":1}},"5":{"start":{"line":7,"column":16},"end":{"line":7,"column":110}},"6":{"start":{"line":8,"column":4},"end":{"line":16,"column":5}},"7":{"start":{"line":10,"column":12},"end":{"line":10,"column":35}},"8":{"start":{"line":12,"column":12},"end":{"line":12,"column":35}},"9":{"start":{"line":14,"column":12},"end":{"line":14,"column":144}},"10":{"start":{"line":15,"column":12},"end":{"line":15,"column":35}},"11":{"start":{"line":18,"column":0},"end":{"line":20,"column":2}}},"fnMap":{"0":{"name":"(anonymous_0)","decl":{"start":{"line":6,"column":23},"end":{"line":6,"column":24}},"loc":{"start":{"line":6,"column":40},"end":{"line":17,"column":1}},"line":6}},"branchMap":{"0":{"loc":{"start":{"line":7,"column":16},"end":{"line":7,"column":110}},"type":"cond-expr","locations":[{"start":{"line":7,"column":67},"end":{"line":7,"column":98}},{"start":{"line":7,"column":101},"end":{"line":7,"column":110}}],"line":7},"1":{"loc":{"start":{"line":7,"column":16},"end":{"line":7,"column":64}},"type":"binary-expr","locations":[{"start":{"line":7,"column":16},"end":{"line":7,"column":27}},{"start":{"line":7,"column":32},"end":{"line":7,"column":63}}],"line":7},"2":{"loc":{"start":{"line":8,"column":4},"end":{"line":16,"column":5}},"type":"switch","locations":[{"start":{"line":9,"column":8},"end":{"line":10,"column":35}},{"start":{"line":11,"column":8},"end":{"line":12,"column":35}},{"start":{"line":13,"column":8},"end":{"line":15,"column":35}}],"line":8}},"s":{"0":1,"1":1,"2":1,"3":1,"4":1,"5":1,"6":1,"7":0,"8":1,"9":0,"10":0,"11":1},"f":{"0":1},"b":{"0":[1,0],"1":[1,1],"2":[0,1,0]},"inputSourceMap":null,"_coverageSchema":"1a1c01bbd47fc00a2c39e90264f33305004495a9","hash":"1d56da5770f9f57bf569a85ca9ecd673a5f7cffa"}
,"/Users/guvenaltunsoy/Desktop/perfanalysis/API/config/dev/index.ts": {"path":"/Users/guvenaltunsoy/Desktop/perfanalysis/API/config/dev/index.ts","statementMap":{"0":{"start":{"line":2,"column":0},"end":{"line":2,"column":62}},"1":{"start":{"line":3,"column":0},"end":{"line":24,"column":2}}},"fnMap":{},"branchMap":{},"s":{"0":1,"1":1},"f":{},"b":{},"inputSourceMap":null,"_coverageSchema":"1a1c01bbd47fc00a2c39e90264f33305004495a9","hash":"1d5d972f475156d8003be61d32c8aff51ba56253"}
,"/Users/guvenaltunsoy/Desktop/perfanalysis/API/config/test/index.ts": {"path":"/Users/guvenaltunsoy/Desktop/perfanalysis/API/config/test/index.ts","statementMap":{"0":{"start":{"line":2,"column":0},"end":{"line":2,"column":62}},"1":{"start":{"line":3,"column":0},"end":{"line":24,"column":2}}},"fnMap":{},"branchMap":{},"s":{"0":1,"1":1},"f":{},"b":{},"inputSourceMap":null,"_coverageSchema":"1a1c01bbd47fc00a2c39e90264f33305004495a9","hash":"76f5ace4c4a94e36e9467f7914e242ad8ba52e8b"}
,"/Users/guvenaltunsoy/Desktop/perfanalysis/API/locales/en-us.ts": {"path":"/Users/guvenaltunsoy/Desktop/perfanalysis/API/locales/en-us.ts","statementMap":{"0":{"start":{"line":2,"column":0},"end":{"line":2,"column":62}},"1":{"start":{"line":3,"column":0},"end":{"line":5,"column":2}}},"fnMap":{},"branchMap":{},"s":{"0":1,"1":1},"f":{},"b":{},"inputSourceMap":null,"_coverageSchema":"1a1c01bbd47fc00a2c39e90264f33305004495a9","hash":"64e06c8e064f8644d10a9617c0d8dbcd1cee19d9"}
,"/Users/guvenaltunsoy/Desktop/perfanalysis/API/logger/index.ts": {"path":"/Users/guvenaltunsoy/Desktop/perfanalysis/API/logger/index.ts","statementMap":{"0":{"start":{"line":2,"column":0},"end":{"line":2,"column":62}},"1":{"start":{"line":3,"column":25},"end":{"line":3,"column":52}},"2":{"start":{"line":4,"column":15},"end":{"line":7,"column":1}},"3":{"start":{"line":5,"column":4},"end":{"line":5,"column":60}},"4":{"start":{"line":6,"column":4},"end":{"line":6,"column":45}},"5":{"start":{"line":8,"column":0},"end":{"line":8,"column":25}}},"fnMap":{"0":{"name":"(anonymous_0)","decl":{"start":{"line":4,"column":15},"end":{"line":4,"column":16}},"loc":{"start":{"line":4,"column":48},"end":{"line":7,"column":1}},"line":4}},"branchMap":{"0":{"loc":{"start":{"line":4,"column":25},"end":{"line":4,"column":36}},"type":"default-arg","locations":[{"start":{"line":4,"column":34},"end":{"line":4,"column":36}}],"line":4}},"s":{"0":1,"1":1,"2":1,"3":1,"4":1,"5":1},"f":{"0":1},"b":{"0":[0]},"inputSourceMap":null,"_coverageSchema":"1a1c01bbd47fc00a2c39e90264f33305004495a9","hash":"1c59b043bc247c83c80495f8c2014ce276bfc66f"}
,"/Users/guvenaltunsoy/Desktop/perfanalysis/API/logger/winston-logger.ts": {"path":"/Users/guvenaltunsoy/Desktop/perfanalysis/API/logger/winston-logger.ts","statementMap":{"0":{"start":{"line":2,"column":0},"end":{"line":2,"column":62}},"1":{"start":{"line":3,"column":16},"end":{"line":3,"column":34}},"2":{"start":{"line":4,"column":13},"end":{"line":4,"column":28}},"3":{"start":{"line":5,"column":16},"end":{"line":5,"column":40}},"4":{"start":{"line":6,"column":22},"end":{"line":6,"column":59}},"5":{"start":{"line":7,"column":19},"end":{"line":7,"column":39}},"6":{"start":{"line":9,"column":16},"end":{"line":15,"column":1}},"7":{"start":{"line":17,"column":21},"end":{"line":40,"column":1}},"8":{"start":{"line":18,"column":4},"end":{"line":39,"column":5}},"9":{"start":{"line":19,"column":8},"end":{"line":30,"column":9}},"10":{"start":{"line":20,"column":12},"end":{"line":21,"column":59}},"11":{"start":{"line":21,"column":16},"end":{"line":21,"column":59}},"12":{"start":{"line":22,"column":12},"end":{"line":23,"column":65}},"13":{"start":{"line":23,"column":16},"end":{"line":23,"column":65}},"14":{"start":{"line":24,"column":12},"end":{"line":25,"column":65}},"15":{"start":{"line":25,"column":16},"end":{"line":25,"column":65}},"16":{"start":{"line":26,"column":12},"end":{"line":27,"column":64}},"17":{"start":{"line":27,"column":16},"end":{"line":27,"column":64}},"18":{"start":{"line":28,"column":12},"end":{"line":29,"column":62}},"19":{"start":{"line":29,"column":16},"end":{"line":29,"column":62}},"20":{"start":{"line":32,"column":8},"end":{"line":33,"column":23}},"21":{"start":{"line":33,"column":12},"end":{"line":33,"column":23}},"22":{"start":{"line":34,"column":8},"end":{"line":34,"column":20}},"23":{"start":{"line":37,"column":8},"end":{"line":37,"column":84}},"24":{"start":{"line":38,"column":8},"end":{"line":38,"column":21}},"25":{"start":{"line":41,"column":18},"end":{"line":52,"column":1}},"26":{"start":{"line":42,"column":14},"end":{"line":42,"column":24}},"27":{"start":{"line":43,"column":17},"end":{"line":43,"column":63}},"28":{"start":{"line":44,"column":14},"end":{"line":44,"column":73}},"29":{"start":{"line":45,"column":4},"end":{"line":50,"column":5}},"30":{"start":{"line":46,"column":8},"end":{"line":46,"column":46}},"31":{"start":{"line":47,"column":8},"end":{"line":49,"column":9}},"32":{"start":{"line":48,"column":12},"end":{"line":48,"column":56}},"33":{"start":{"line":51,"column":4},"end":{"line":51,"column":15}},"34":{"start":{"line":54,"column":15},"end":{"line":77,"column":1}},"35":{"start":{"line":55,"column":26},"end":{"line":72,"column":6}},"36":{"start":{"line":73,"column":4},"end":{"line":75,"column":7}},"37":{"start":{"line":74,"column":8},"end":{"line":74,"column":25}},"38":{"start":{"line":76,"column":4},"end":{"line":76,"column":25}},"39":{"start":{"line":78,"column":0},"end":{"line":81,"column":2}}},"fnMap":{"0":{"name":"(anonymous_0)","decl":{"start":{"line":17,"column":21},"end":{"line":17,"column":22}},"loc":{"start":{"line":17,"column":43},"end":{"line":40,"column":1}},"line":17},"1":{"name":"(anonymous_1)","decl":{"start":{"line":41,"column":18},"end":{"line":41,"column":19}},"loc":{"start":{"line":41,"column":26},"end":{"line":52,"column":1}},"line":41},"2":{"name":"(anonymous_2)","decl":{"start":{"line":54,"column":15},"end":{"line":54,"column":16}},"loc":{"start":{"line":54,"column":27},"end":{"line":77,"column":1}},"line":54},"3":{"name":"(anonymous_3)","decl":{"start":{"line":73,"column":44},"end":{"line":73,"column":45}},"loc":{"start":{"line":73,"column":59},"end":{"line":75,"column":5}},"line":73}},"branchMap":{"0":{"loc":{"start":{"line":19,"column":8},"end":{"line":30,"column":9}},"type":"if","locations":[{"start":{"line":19,"column":8},"end":{"line":30,"column":9}},{"start":{"line":19,"column":8},"end":{"line":30,"column":9}}],"line":19},"1":{"loc":{"start":{"line":19,"column":12},"end":{"line":19,"column":48}},"type":"binary-expr","locations":[{"start":{"line":19,"column":12},"end":{"line":19,"column":18}},{"start":{"line":19,"column":22},"end":{"line":19,"column":48}}],"line":19},"2":{"loc":{"start":{"line":20,"column":12},"end":{"line":21,"column":59}},"type":"if","locations":[{"start":{"line":20,"column":12},"end":{"line":21,"column":59}},{"start":{"line":20,"column":12},"end":{"line":21,"column":59}}],"line":20},"3":{"loc":{"start":{"line":20,"column":16},"end":{"line":20,"column":78}},"type":"binary-expr","locations":[{"start":{"line":20,"column":16},"end":{"line":20,"column":35}},{"start":{"line":20,"column":39},"end":{"line":20,"column":78}}],"line":20},"4":{"loc":{"start":{"line":22,"column":12},"end":{"line":23,"column":65}},"type":"if","locations":[{"start":{"line":22,"column":12},"end":{"line":23,"column":65}},{"start":{"line":22,"column":12},"end":{"line":23,"column":65}}],"line":22},"5":{"loc":{"start":{"line":22,"column":16},"end":{"line":22,"column":84}},"type":"binary-expr","locations":[{"start":{"line":22,"column":16},"end":{"line":22,"column":38}},{"start":{"line":22,"column":42},"end":{"line":22,"column":84}}],"line":22},"6":{"loc":{"start":{"line":24,"column":12},"end":{"line":25,"column":65}},"type":"if","locations":[{"start":{"line":24,"column":12},"end":{"line":25,"column":65}},{"start":{"line":24,"column":12},"end":{"line":25,"column":65}}],"line":24},"7":{"loc":{"start":{"line":26,"column":12},"end":{"line":27,"column":64}},"type":"if","locations":[{"start":{"line":26,"column":12},"end":{"line":27,"column":64}},{"start":{"line":26,"column":12},"end":{"line":27,"column":64}}],"line":26},"8":{"loc":{"start":{"line":28,"column":12},"end":{"line":29,"column":62}},"type":"if","locations":[{"start":{"line":28,"column":12},"end":{"line":29,"column":62}},{"start":{"line":28,"column":12},"end":{"line":29,"column":62}}],"line":28},"9":{"loc":{"start":{"line":32,"column":8},"end":{"line":33,"column":23}},"type":"if","locations":[{"start":{"line":32,"column":8},"end":{"line":33,"column":23}},{"start":{"line":32,"column":8},"end":{"line":33,"column":23}}],"line":32},"10":{"loc":{"start":{"line":45,"column":4},"end":{"line":50,"column":5}},"type":"if","locations":[{"start":{"line":45,"column":4},"end":{"line":50,"column":5}},{"start":{"line":45,"column":4},"end":{"line":50,"column":5}}],"line":45},"11":{"loc":{"start":{"line":47,"column":8},"end":{"line":49,"column":9}},"type":"if","locations":[{"start":{"line":47,"column":8},"end":{"line":49,"column":9}},{"start":{"line":47,"column":8},"end":{"line":49,"column":9}}],"line":47}},"s":{"0":1,"1":1,"2":1,"3":1,"4":1,"5":1,"6":1,"7":1,"8":1,"9":1,"10":0,"11":0,"12":0,"13":0,"14":0,"15":0,"16":0,"17":0,"18":0,"19":0,"20":1,"21":0,"22":1,"23":0,"24":0,"25":1,"26":6,"27":6,"28":6,"29":6,"30":0,"31":0,"32":0,"33":6,"34":1,"35":1,"36":1,"37":0,"38":1,"39":1},"f":{"0":1,"1":6,"2":1,"3":0},"b":{"0":[0,1],"1":[1,1],"2":[0,0],"3":[0,0],"4":[0,0],"5":[0,0],"6":[0,0],"7":[0,0],"8":[0,0],"9":[0,1],"10":[0,6],"11":[0,0]},"inputSourceMap":null,"_coverageSchema":"1a1c01bbd47fc00a2c39e90264f33305004495a9","hash":"2a89ceb13fe15d72a05015fd41ff590b79c54d4b"}
,"/Users/guvenaltunsoy/Desktop/perfanalysis/API/mongo/index.ts": {"path":"/Users/guvenaltunsoy/Desktop/perfanalysis/API/mongo/index.ts","statementMap":{"0":{"start":{"line":2,"column":16},"end":{"line":10,"column":1}},"1":{"start":{"line":3,"column":28},"end":{"line":3,"column":110}},"2":{"start":{"line":3,"column":91},"end":{"line":3,"column":106}},"3":{"start":{"line":4,"column":4},"end":{"line":9,"column":7}},"4":{"start":{"line":5,"column":36},"end":{"line":5,"column":97}},"5":{"start":{"line":5,"column":42},"end":{"line":5,"column":70}},"6":{"start":{"line":5,"column":85},"end":{"line":5,"column":95}},"7":{"start":{"line":6,"column":35},"end":{"line":6,"column":100}},"8":{"start":{"line":6,"column":41},"end":{"line":6,"column":73}},"9":{"start":{"line":6,"column":88},"end":{"line":6,"column":98}},"10":{"start":{"line":7,"column":32},"end":{"line":7,"column":116}},"11":{"start":{"line":8,"column":8},"end":{"line":8,"column":78}},"12":{"start":{"line":11,"column":0},"end":{"line":11,"column":62}},"13":{"start":{"line":12,"column":16},"end":{"line":12,"column":38}},"14":{"start":{"line":13,"column":16},"end":{"line":13,"column":39}},"15":{"start":{"line":14,"column":19},"end":{"line":23,"column":2}},"16":{"start":{"line":14,"column":31},"end":{"line":23,"column":2}},"17":{"start":{"line":15,"column":4},"end":{"line":22,"column":5}},"18":{"start":{"line":16,"column":28},"end":{"line":16,"column":55}},"19":{"start":{"line":17,"column":8},"end":{"line":17,"column":45}},"20":{"start":{"line":18,"column":8},"end":{"line":18,"column":46}},"21":{"start":{"line":21,"column":8},"end":{"line":21,"column":110}},"22":{"start":{"line":24,"column":0},"end":{"line":26,"column":2}}},"fnMap":{"0":{"name":"(anonymous_0)","decl":{"start":{"line":2,"column":44},"end":{"line":2,"column":45}},"loc":{"start":{"line":2,"column":89},"end":{"line":10,"column":1}},"line":2},"1":{"name":"adopt","decl":{"start":{"line":3,"column":13},"end":{"line":3,"column":18}},"loc":{"start":{"line":3,"column":26},"end":{"line":3,"column":112}},"line":3},"2":{"name":"(anonymous_2)","decl":{"start":{"line":3,"column":70},"end":{"line":3,"column":71}},"loc":{"start":{"line":3,"column":89},"end":{"line":3,"column":108}},"line":3},"3":{"name":"(anonymous_3)","decl":{"start":{"line":4,"column":36},"end":{"line":4,"column":37}},"loc":{"start":{"line":4,"column":63},"end":{"line":9,"column":5}},"line":4},"4":{"name":"fulfilled","decl":{"start":{"line":5,"column":17},"end":{"line":5,"column":26}},"loc":{"start":{"line":5,"column":34},"end":{"line":5,"column":99}},"line":5},"5":{"name":"rejected","decl":{"start":{"line":6,"column":17},"end":{"line":6,"column":25}},"loc":{"start":{"line":6,"column":33},"end":{"line":6,"column":102}},"line":6},"6":{"name":"step","decl":{"start":{"line":7,"column":17},"end":{"line":7,"column":21}},"loc":{"start":{"line":7,"column":30},"end":{"line":7,"column":118}},"line":7},"7":{"name":"(anonymous_7)","decl":{"start":{"line":14,"column":19},"end":{"line":14,"column":20}},"loc":{"start":{"line":14,"column":31},"end":{"line":23,"column":2}},"line":14},"8":{"name":"(anonymous_8)","decl":{"start":{"line":14,"column":65},"end":{"line":14,"column":66}},"loc":{"start":{"line":14,"column":78},"end":{"line":23,"column":1}},"line":14}},"branchMap":{"0":{"loc":{"start":{"line":2,"column":16},"end":{"line":10,"column":1}},"type":"binary-expr","locations":[{"start":{"line":2,"column":17},"end":{"line":2,"column":21}},{"start":{"line":2,"column":25},"end":{"line":2,"column":39}},{"start":{"line":2,"column":44},"end":{"line":10,"column":1}}],"line":2},"1":{"loc":{"start":{"line":3,"column":35},"end":{"line":3,"column":109}},"type":"cond-expr","locations":[{"start":{"line":3,"column":56},"end":{"line":3,"column":61}},{"start":{"line":3,"column":64},"end":{"line":3,"column":109}}],"line":3},"2":{"loc":{"start":{"line":4,"column":16},"end":{"line":4,"column":34}},"type":"binary-expr","locations":[{"start":{"line":4,"column":16},"end":{"line":4,"column":17}},{"start":{"line":4,"column":22},"end":{"line":4,"column":33}}],"line":4},"3":{"loc":{"start":{"line":7,"column":32},"end":{"line":7,"column":115}},"type":"cond-expr","locations":[{"start":{"line":7,"column":46},"end":{"line":7,"column":67}},{"start":{"line":7,"column":70},"end":{"line":7,"column":115}}],"line":7},"4":{"loc":{"start":{"line":8,"column":51},"end":{"line":8,"column":67}},"type":"binary-expr","locations":[{"start":{"line":8,"column":51},"end":{"line":8,"column":61}},{"start":{"line":8,"column":65},"end":{"line":8,"column":67}}],"line":8}},"s":{"0":1,"1":1,"2":0,"3":1,"4":1,"5":1,"6":0,"7":0,"8":0,"9":0,"10":2,"11":1,"12":1,"13":1,"14":1,"15":1,"16":1,"17":1,"18":1,"19":1,"20":1,"21":0,"22":1},"f":{"0":1,"1":1,"2":0,"3":1,"4":1,"5":0,"6":2,"7":1,"8":1},"b":{"0":[1,1,1],"1":[1,0],"2":[1,1],"3":[1,1],"4":[1,1]},"inputSourceMap":null,"_coverageSchema":"1a1c01bbd47fc00a2c39e90264f33305004495a9","hash":"679a0c853829d372d819005ee16fc3b273704461"}
,"/Users/guvenaltunsoy/Desktop/perfanalysis/API/mongo/src/mongo.ts": {"path":"/Users/guvenaltunsoy/Desktop/perfanalysis/API/mongo/src/mongo.ts","statementMap":{"0":{"start":{"line":2,"column":0},"end":{"line":2,"column":62}},"1":{"start":{"line":3,"column":17},"end":{"line":3,"column":36}},"2":{"start":{"line":4,"column":13},"end":{"line":4,"column":28}},"3":{"start":{"line":5,"column":20},"end":{"line":5,"column":48}},"4":{"start":{"line":6,"column":16},"end":{"line":6,"column":42}},"5":{"start":{"line":7,"column":17},"end":{"line":7,"column":34}},"6":{"start":{"line":10,"column":8},"end":{"line":10,"column":16}},"7":{"start":{"line":11,"column":8},"end":{"line":11,"column":85}},"8":{"start":{"line":12,"column":8},"end":{"line":12,"column":107}},"9":{"start":{"line":13,"column":33},"end":{"line":23,"column":9}},"10":{"start":{"line":25,"column":8},"end":{"line":27,"column":9}},"11":{"start":{"line":26,"column":12},"end":{"line":26,"column":59}},"12":{"start":{"line":29,"column":8},"end":{"line":34,"column":9}},"13":{"start":{"line":30,"column":12},"end":{"line":33,"column":14}},"14":{"start":{"line":35,"column":8},"end":{"line":44,"column":11}},"15":{"start":{"line":36,"column":12},"end":{"line":43,"column":13}},"16":{"start":{"line":37,"column":16},"end":{"line":37,"column":124}},"17":{"start":{"line":38,"column":16},"end":{"line":38,"column":86}},"18":{"start":{"line":41,"column":16},"end":{"line":41,"column":113}},"19":{"start":{"line":42,"column":16},"end":{"line":42,"column":105}},"20":{"start":{"line":47,"column":22},"end":{"line":47,"column":26}},"21":{"start":{"line":48,"column":8},"end":{"line":62,"column":11}},"22":{"start":{"line":49,"column":12},"end":{"line":53,"column":15}},"23":{"start":{"line":50,"column":16},"end":{"line":50,"column":114}},"24":{"start":{"line":51,"column":16},"end":{"line":51,"column":107}},"25":{"start":{"line":52,"column":16},"end":{"line":52,"column":26}},"26":{"start":{"line":54,"column":12},"end":{"line":57,"column":15}},"27":{"start":{"line":55,"column":16},"end":{"line":55,"column":98}},"28":{"start":{"line":56,"column":16},"end":{"line":56,"column":94}},"29":{"start":{"line":58,"column":12},"end":{"line":61,"column":15}},"30":{"start":{"line":59,"column":16},"end":{"line":59,"column":105}},"31":{"start":{"line":60,"column":16},"end":{"line":60,"column":92}},"32":{"start":{"line":65,"column":8},"end":{"line":65,"column":31}},"33":{"start":{"line":68,"column":0},"end":{"line":68,"column":24}}},"fnMap":{"0":{"name":"(anonymous_0)","decl":{"start":{"line":9,"column":4},"end":{"line":9,"column":5}},"loc":{"start":{"line":9,"column":24},"end":{"line":45,"column":5}},"line":9},"1":{"name":"(anonymous_1)","decl":{"start":{"line":35,"column":80},"end":{"line":35,"column":81}},"loc":{"start":{"line":35,"column":89},"end":{"line":44,"column":9}},"line":35},"2":{"name":"(anonymous_2)","decl":{"start":{"line":46,"column":4},"end":{"line":46,"column":5}},"loc":{"start":{"line":46,"column":23},"end":{"line":63,"column":5}},"line":46},"3":{"name":"(anonymous_3)","decl":{"start":{"line":48,"column":27},"end":{"line":48,"column":28}},"loc":{"start":{"line":48,"column":48},"end":{"line":62,"column":9}},"line":48},"4":{"name":"(anonymous_4)","decl":{"start":{"line":49,"column":39},"end":{"line":49,"column":40}},"loc":{"start":{"line":49,"column":51},"end":{"line":53,"column":13}},"line":49},"5":{"name":"(anonymous_5)","decl":{"start":{"line":54,"column":40},"end":{"line":54,"column":41}},"loc":{"start":{"line":54,"column":57},"end":{"line":57,"column":13}},"line":54},"6":{"name":"(anonymous_6)","decl":{"start":{"line":58,"column":48},"end":{"line":58,"column":49}},"loc":{"start":{"line":58,"column":65},"end":{"line":61,"column":13}},"line":58},"7":{"name":"(anonymous_7)","decl":{"start":{"line":64,"column":4},"end":{"line":64,"column":5}},"loc":{"start":{"line":64,"column":23},"end":{"line":66,"column":5}},"line":64}},"branchMap":{"0":{"loc":{"start":{"line":16,"column":22},"end":{"line":16,"column":73}},"type":"cond-expr","locations":[{"start":{"line":16,"column":47},"end":{"line":16,"column":69}},{"start":{"line":16,"column":72},"end":{"line":16,"column":73}}],"line":16},"1":{"loc":{"start":{"line":25,"column":8},"end":{"line":27,"column":9}},"type":"if","locations":[{"start":{"line":25,"column":8},"end":{"line":27,"column":9}},{"start":{"line":25,"column":8},"end":{"line":27,"column":9}}],"line":25},"2":{"loc":{"start":{"line":29,"column":8},"end":{"line":34,"column":9}},"type":"if","locations":[{"start":{"line":29,"column":8},"end":{"line":34,"column":9}},{"start":{"line":29,"column":8},"end":{"line":34,"column":9}}],"line":29},"3":{"loc":{"start":{"line":29,"column":12},"end":{"line":29,"column":42}},"type":"binary-expr","locations":[{"start":{"line":29,"column":12},"end":{"line":29,"column":23}},{"start":{"line":29,"column":27},"end":{"line":29,"column":42}}],"line":29},"4":{"loc":{"start":{"line":36,"column":12},"end":{"line":43,"column":13}},"type":"if","locations":[{"start":{"line":36,"column":12},"end":{"line":43,"column":13}},{"start":{"line":36,"column":12},"end":{"line":43,"column":13}}],"line":36}},"s":{"0":1,"1":1,"2":1,"3":1,"4":1,"5":1,"6":1,"7":1,"8":1,"9":1,"10":1,"11":0,"12":1,"13":1,"14":1,"15":1,"16":0,"17":0,"18":1,"19":1,"20":1,"21":1,"22":1,"23":1,"24":1,"25":1,"26":1,"27":0,"28":0,"29":1,"30":0,"31":0,"32":1,"33":1},"f":{"0":1,"1":1,"2":1,"3":1,"4":1,"5":0,"6":0,"7":1},"b":{"0":[0,1],"1":[0,1],"2":[1,0],"3":[1,1],"4":[0,1]},"inputSourceMap":null,"_coverageSchema":"1a1c01bbd47fc00a2c39e90264f33305004495a9","hash":"2a21b176ad24713614fdaeaf039fa8841aeed526"}
,"/Users/guvenaltunsoy/Desktop/perfanalysis/API/mongo/src/utils/constants.ts": {"path":"/Users/guvenaltunsoy/Desktop/perfanalysis/API/mongo/src/utils/constants.ts","statementMap":{"0":{"start":{"line":2,"column":0},"end":{"line":2,"column":62}},"1":{"start":{"line":3,"column":19},"end":{"line":10,"column":1}},"2":{"start":{"line":11,"column":0},"end":{"line":13,"column":2}}},"fnMap":{},"branchMap":{},"s":{"0":1,"1":1,"2":1},"f":{},"b":{},"inputSourceMap":null,"_coverageSchema":"1a1c01bbd47fc00a2c39e90264f33305004495a9","hash":"bd0de0509a10664197bb1faf8e2ec242b08de749"}
,"/Users/guvenaltunsoy/Desktop/perfanalysis/API/src/models/navigations.ts": {"path":"/Users/guvenaltunsoy/Desktop/perfanalysis/API/src/models/navigations.ts","statementMap":{"0":{"start":{"line":2,"column":16},"end":{"line":10,"column":1}},"1":{"start":{"line":3,"column":28},"end":{"line":3,"column":110}},"2":{"start":{"line":3,"column":91},"end":{"line":3,"column":106}},"3":{"start":{"line":4,"column":4},"end":{"line":9,"column":7}},"4":{"start":{"line":5,"column":36},"end":{"line":5,"column":97}},"5":{"start":{"line":5,"column":42},"end":{"line":5,"column":70}},"6":{"start":{"line":5,"column":85},"end":{"line":5,"column":95}},"7":{"start":{"line":6,"column":35},"end":{"line":6,"column":100}},"8":{"start":{"line":6,"column":41},"end":{"line":6,"column":73}},"9":{"start":{"line":6,"column":88},"end":{"line":6,"column":98}},"10":{"start":{"line":7,"column":32},"end":{"line":7,"column":116}},"11":{"start":{"line":8,"column":8},"end":{"line":8,"column":78}},"12":{"start":{"line":11,"column":0},"end":{"line":11,"column":62}},"13":{"start":{"line":12,"column":16},"end":{"line":12,"column":35}},"14":{"start":{"line":13,"column":17},"end":{"line":13,"column":36}},"15":{"start":{"line":16,"column":8},"end":{"line":16,"column":83}},"16":{"start":{"line":17,"column":8},"end":{"line":17,"column":26}},"17":{"start":{"line":20,"column":8},"end":{"line":23,"column":9}},"18":{"start":{"line":21,"column":12},"end":{"line":21,"column":49}},"19":{"start":{"line":22,"column":12},"end":{"line":22,"column":36}},"20":{"start":{"line":24,"column":8},"end":{"line":24,"column":32}},"21":{"start":{"line":27,"column":32},"end":{"line":27,"column":92}},"22":{"start":{"line":28,"column":23},"end":{"line":28,"column":38}},"23":{"start":{"line":29,"column":33},"end":{"line":52,"column":32}},"24":{"start":{"line":53,"column":8},"end":{"line":53,"column":92}},"25":{"start":{"line":56,"column":8},"end":{"line":64,"column":11}},"26":{"start":{"line":57,"column":32},"end":{"line":62,"column":13}},"27":{"start":{"line":63,"column":12},"end":{"line":63,"column":107}},"28":{"start":{"line":67,"column":8},"end":{"line":79,"column":11}},"29":{"start":{"line":68,"column":32},"end":{"line":77,"column":13}},"30":{"start":{"line":78,"column":12},"end":{"line":78,"column":107}},"31":{"start":{"line":82,"column":8},"end":{"line":94,"column":11}},"32":{"start":{"line":83,"column":32},"end":{"line":92,"column":13}},"33":{"start":{"line":93,"column":12},"end":{"line":93,"column":107}},"34":{"start":{"line":97,"column":8},"end":{"line":109,"column":11}},"35":{"start":{"line":98,"column":32},"end":{"line":107,"column":13}},"36":{"start":{"line":108,"column":12},"end":{"line":108,"column":107}},"37":{"start":{"line":112,"column":8},"end":{"line":120,"column":11}},"38":{"start":{"line":113,"column":25},"end":{"line":113,"column":61}},"39":{"start":{"line":114,"column":12},"end":{"line":118,"column":15}},"40":{"start":{"line":115,"column":16},"end":{"line":116,"column":30}},"41":{"start":{"line":116,"column":20},"end":{"line":116,"column":30}},"42":{"start":{"line":117,"column":16},"end":{"line":117,"column":38}},"43":{"start":{"line":119,"column":12},"end":{"line":119,"column":24}},"44":{"start":{"line":123,"column":0},"end":{"line":123,"column":30}}},"fnMap":{"0":{"name":"(anonymous_0)","decl":{"start":{"line":2,"column":44},"end":{"line":2,"column":45}},"loc":{"start":{"line":2,"column":89},"end":{"line":10,"column":1}},"line":2},"1":{"name":"adopt","decl":{"start":{"line":3,"column":13},"end":{"line":3,"column":18}},"loc":{"start":{"line":3,"column":26},"end":{"line":3,"column":112}},"line":3},"2":{"name":"(anonymous_2)","decl":{"start":{"line":3,"column":70},"end":{"line":3,"column":71}},"loc":{"start":{"line":3,"column":89},"end":{"line":3,"column":108}},"line":3},"3":{"name":"(anonymous_3)","decl":{"start":{"line":4,"column":36},"end":{"line":4,"column":37}},"loc":{"start":{"line":4,"column":63},"end":{"line":9,"column":5}},"line":4},"4":{"name":"fulfilled","decl":{"start":{"line":5,"column":17},"end":{"line":5,"column":26}},"loc":{"start":{"line":5,"column":34},"end":{"line":5,"column":99}},"line":5},"5":{"name":"rejected","decl":{"start":{"line":6,"column":17},"end":{"line":6,"column":25}},"loc":{"start":{"line":6,"column":33},"end":{"line":6,"column":102}},"line":6},"6":{"name":"step","decl":{"start":{"line":7,"column":17},"end":{"line":7,"column":21}},"loc":{"start":{"line":7,"column":30},"end":{"line":7,"column":118}},"line":7},"7":{"name":"(anonymous_7)","decl":{"start":{"line":15,"column":4},"end":{"line":15,"column":5}},"loc":{"start":{"line":15,"column":18},"end":{"line":18,"column":5}},"line":15},"8":{"name":"(anonymous_8)","decl":{"start":{"line":19,"column":4},"end":{"line":19,"column":5}},"loc":{"start":{"line":19,"column":25},"end":{"line":25,"column":5}},"line":19},"9":{"name":"(anonymous_9)","decl":{"start":{"line":26,"column":4},"end":{"line":26,"column":5}},"loc":{"start":{"line":26,"column":17},"end":{"line":54,"column":5}},"line":26},"10":{"name":"(anonymous_10)","decl":{"start":{"line":55,"column":4},"end":{"line":55,"column":5}},"loc":{"start":{"line":55,"column":42},"end":{"line":65,"column":5}},"line":55},"11":{"name":"(anonymous_11)","decl":{"start":{"line":56,"column":47},"end":{"line":56,"column":48}},"loc":{"start":{"line":56,"column":60},"end":{"line":64,"column":9}},"line":56},"12":{"name":"(anonymous_12)","decl":{"start":{"line":66,"column":4},"end":{"line":66,"column":5}},"loc":{"start":{"line":66,"column":42},"end":{"line":80,"column":5}},"line":66},"13":{"name":"(anonymous_13)","decl":{"start":{"line":67,"column":47},"end":{"line":67,"column":48}},"loc":{"start":{"line":67,"column":60},"end":{"line":79,"column":9}},"line":67},"14":{"name":"(anonymous_14)","decl":{"start":{"line":81,"column":4},"end":{"line":81,"column":5}},"loc":{"start":{"line":81,"column":45},"end":{"line":95,"column":5}},"line":81},"15":{"name":"(anonymous_15)","decl":{"start":{"line":82,"column":47},"end":{"line":82,"column":48}},"loc":{"start":{"line":82,"column":60},"end":{"line":94,"column":9}},"line":82},"16":{"name":"(anonymous_16)","decl":{"start":{"line":96,"column":4},"end":{"line":96,"column":5}},"loc":{"start":{"line":96,"column":47},"end":{"line":110,"column":5}},"line":96},"17":{"name":"(anonymous_17)","decl":{"start":{"line":97,"column":47},"end":{"line":97,"column":48}},"loc":{"start":{"line":97,"column":60},"end":{"line":109,"column":9}},"line":97},"18":{"name":"(anonymous_18)","decl":{"start":{"line":111,"column":4},"end":{"line":111,"column":5}},"loc":{"start":{"line":111,"column":40},"end":{"line":121,"column":5}},"line":111},"19":{"name":"(anonymous_19)","decl":{"start":{"line":112,"column":47},"end":{"line":112,"column":48}},"loc":{"start":{"line":112,"column":60},"end":{"line":120,"column":9}},"line":112},"20":{"name":"(anonymous_20)","decl":{"start":{"line":114,"column":22},"end":{"line":114,"column":23}},"loc":{"start":{"line":114,"column":43},"end":{"line":118,"column":13}},"line":114}},"branchMap":{"0":{"loc":{"start":{"line":2,"column":16},"end":{"line":10,"column":1}},"type":"binary-expr","locations":[{"start":{"line":2,"column":17},"end":{"line":2,"column":21}},{"start":{"line":2,"column":25},"end":{"line":2,"column":39}},{"start":{"line":2,"column":44},"end":{"line":10,"column":1}}],"line":2},"1":{"loc":{"start":{"line":3,"column":35},"end":{"line":3,"column":109}},"type":"cond-expr","locations":[{"start":{"line":3,"column":56},"end":{"line":3,"column":61}},{"start":{"line":3,"column":64},"end":{"line":3,"column":109}}],"line":3},"2":{"loc":{"start":{"line":4,"column":16},"end":{"line":4,"column":34}},"type":"binary-expr","locations":[{"start":{"line":4,"column":16},"end":{"line":4,"column":17}},{"start":{"line":4,"column":22},"end":{"line":4,"column":33}}],"line":4},"3":{"loc":{"start":{"line":7,"column":32},"end":{"line":7,"column":115}},"type":"cond-expr","locations":[{"start":{"line":7,"column":46},"end":{"line":7,"column":67}},{"start":{"line":7,"column":70},"end":{"line":7,"column":115}}],"line":7},"4":{"loc":{"start":{"line":8,"column":51},"end":{"line":8,"column":67}},"type":"binary-expr","locations":[{"start":{"line":8,"column":51},"end":{"line":8,"column":61}},{"start":{"line":8,"column":65},"end":{"line":8,"column":67}}],"line":8},"5":{"loc":{"start":{"line":20,"column":8},"end":{"line":23,"column":9}},"type":"if","locations":[{"start":{"line":20,"column":8},"end":{"line":23,"column":9}},{"start":{"line":20,"column":8},"end":{"line":23,"column":9}}],"line":20},"6":{"loc":{"start":{"line":115,"column":16},"end":{"line":116,"column":30}},"type":"if","locations":[{"start":{"line":115,"column":16},"end":{"line":116,"column":30}},{"start":{"line":115,"column":16},"end":{"line":116,"column":30}}],"line":115}},"s":{"0":1,"1":7,"2":7,"3":7,"4":7,"5":7,"6":0,"7":0,"8":0,"9":0,"10":14,"11":7,"12":1,"13":1,"14":1,"15":1,"16":1,"17":7,"18":1,"19":1,"20":6,"21":1,"22":1,"23":1,"24":1,"25":0,"26":0,"27":0,"28":1,"29":1,"30":1,"31":1,"32":1,"33":1,"34":5,"35":5,"36":5,"37":0,"38":0,"39":0,"40":0,"41":0,"42":0,"43":0,"44":1},"f":{"0":7,"1":7,"2":7,"3":7,"4":7,"5":0,"6":14,"7":1,"8":7,"9":1,"10":0,"11":0,"12":1,"13":1,"14":1,"15":1,"16":5,"17":5,"18":0,"19":0,"20":0},"b":{"0":[1,1,1],"1":[0,7],"2":[7,7],"3":[7,7],"4":[7,7],"5":[1,6],"6":[0,0]},"inputSourceMap":null,"_coverageSchema":"1a1c01bbd47fc00a2c39e90264f33305004495a9","hash":"44d28f184bf94406bf418c49c0ae830263088361"}
,"/Users/guvenaltunsoy/Desktop/perfanalysis/API/src/utils/config.ts": {"path":"/Users/guvenaltunsoy/Desktop/perfanalysis/API/src/utils/config.ts","statementMap":{"0":{"start":{"line":2,"column":0},"end":{"line":2,"column":62}},"1":{"start":{"line":3,"column":17},"end":{"line":3,"column":40}},"2":{"start":{"line":4,"column":20},"end":{"line":4,"column":42}},"3":{"start":{"line":5,"column":15},"end":{"line":5,"column":71}},"4":{"start":{"line":6,"column":0},"end":{"line":6,"column":25}}},"fnMap":{},"branchMap":{},"s":{"0":1,"1":1,"2":1,"3":1,"4":1},"f":{},"b":{},"inputSourceMap":null,"_coverageSchema":"1a1c01bbd47fc00a2c39e90264f33305004495a9","hash":"652643bf5ba48b14492c07e2dc022a415e493abe"}
,"/Users/guvenaltunsoy/Desktop/perfanalysis/API/src/utils/connections.ts": {"path":"/Users/guvenaltunsoy/Desktop/perfanalysis/API/src/utils/connections.ts","statementMap":{"0":{"start":{"line":2,"column":0},"end":{"line":2,"column":62}},"1":{"start":{"line":14,"column":8},"end":{"line":14,"column":50}},"2":{"start":{"line":17,"column":8},"end":{"line":17,"column":83}},"3":{"start":{"line":20,"column":0},"end":{"line":20,"column":30}},"4":{"start":{"line":21,"column":0},"end":{"line":21,"column":29}}},"fnMap":{"0":{"name":"(anonymous_0)","decl":{"start":{"line":12,"column":4},"end":{"line":12,"column":5}},"loc":{"start":{"line":12,"column":18},"end":{"line":12,"column":21}},"line":12},"1":{"name":"(anonymous_1)","decl":{"start":{"line":13,"column":4},"end":{"line":13,"column":5}},"loc":{"start":{"line":13,"column":32},"end":{"line":15,"column":5}},"line":13},"2":{"name":"(anonymous_2)","decl":{"start":{"line":16,"column":4},"end":{"line":16,"column":5}},"loc":{"start":{"line":16,"column":20},"end":{"line":18,"column":5}},"line":16}},"branchMap":{"0":{"loc":{"start":{"line":17,"column":15},"end":{"line":17,"column":82}},"type":"cond-expr","locations":[{"start":{"line":17,"column":46},"end":{"line":17,"column":74}},{"start":{"line":17,"column":77},"end":{"line":17,"column":82}}],"line":17}},"s":{"0":1,"1":1,"2":8,"3":1,"4":1},"f":{"0":0,"1":1,"2":8},"b":{"0":[7,1]},"inputSourceMap":null,"_coverageSchema":"1a1c01bbd47fc00a2c39e90264f33305004495a9","hash":"baf853404b7d0bc2a59e37f0433e7be384cfb98d"}
,"/Users/guvenaltunsoy/Desktop/perfanalysis/API/src/utils/constants.ts": {"path":"/Users/guvenaltunsoy/Desktop/perfanalysis/API/src/utils/constants.ts","statementMap":{"0":{"start":{"line":2,"column":0},"end":{"line":2,"column":62}},"1":{"start":{"line":3,"column":13},"end":{"line":3,"column":42}},"2":{"start":{"line":4,"column":21},"end":{"line":9,"column":1}},"3":{"start":{"line":10,"column":12},"end":{"line":10,"column":71}},"4":{"start":{"line":11,"column":13},"end":{"line":11,"column":37}},"5":{"start":{"line":12,"column":20},"end":{"line":15,"column":1}},"6":{"start":{"line":16,"column":0},"end":{"line":22,"column":2}}},"fnMap":{},"branchMap":{"0":{"loc":{"start":{"line":3,"column":13},"end":{"line":3,"column":42}},"type":"binary-expr","locations":[{"start":{"line":3,"column":13},"end":{"line":3,"column":29}},{"start":{"line":3,"column":33},"end":{"line":3,"column":42}}],"line":3},"1":{"loc":{"start":{"line":10,"column":12},"end":{"line":10,"column":71}},"type":"binary-expr","locations":[{"start":{"line":10,"column":12},"end":{"line":10,"column":27}},{"start":{"line":10,"column":31},"end":{"line":10,"column":51}},{"start":{"line":10,"column":55},"end":{"line":10,"column":71}}],"line":10},"2":{"loc":{"start":{"line":11,"column":13},"end":{"line":11,"column":37}},"type":"binary-expr","locations":[{"start":{"line":11,"column":13},"end":{"line":11,"column":29}},{"start":{"line":11,"column":33},"end":{"line":11,"column":37}}],"line":11}},"s":{"0":1,"1":1,"2":1,"3":1,"4":1,"5":1,"6":1},"f":{},"b":{"0":[1,1],"1":[1,1,0],"2":[1,1]},"inputSourceMap":null,"_coverageSchema":"1a1c01bbd47fc00a2c39e90264f33305004495a9","hash":"62d3a1c48cd2cf5625aabdc3d1fb63056e3840ae"}
,"/Users/guvenaltunsoy/Desktop/perfanalysis/API/src/utils/index.ts": {"path":"/Users/guvenaltunsoy/Desktop/perfanalysis/API/src/utils/index.ts","statementMap":{"0":{"start":{"line":2,"column":0},"end":{"line":2,"column":62}},"1":{"start":{"line":3,"column":0},"end":{"line":3,"column":176}},"2":{"start":{"line":4,"column":17},"end":{"line":4,"column":36}},"3":{"start":{"line":5,"column":0},"end":{"line":5,"column":34}},"4":{"start":{"line":6,"column":23},"end":{"line":6,"column":48}},"5":{"start":{"line":7,"column":0},"end":{"line":7,"column":46}},"6":{"start":{"line":8,"column":17},"end":{"line":8,"column":36}},"7":{"start":{"line":9,"column":0},"end":{"line":9,"column":34}},"8":{"start":{"line":10,"column":20},"end":{"line":10,"column":42}},"9":{"start":{"line":11,"column":0},"end":{"line":11,"column":40}},"10":{"start":{"line":12,"column":19},"end":{"line":12,"column":40}},"11":{"start":{"line":13,"column":0},"end":{"line":13,"column":115}},"12":{"start":{"line":13,"column":82},"end":{"line":13,"column":109}},"13":{"start":{"line":14,"column":0},"end":{"line":14,"column":119}},"14":{"start":{"line":14,"column":84},"end":{"line":14,"column":113}},"15":{"start":{"line":15,"column":22},"end":{"line":15,"column":46}},"16":{"start":{"line":16,"column":0},"end":{"line":16,"column":44}},"17":{"start":{"line":17,"column":20},"end":{"line":17,"column":42}},"18":{"start":{"line":18,"column":0},"end":{"line":18,"column":34}},"19":{"start":{"line":19,"column":16},"end":{"line":19,"column":34}},"20":{"start":{"line":20,"column":0},"end":{"line":20,"column":32}}},"fnMap":{"0":{"name":"(anonymous_0)","decl":{"start":{"line":13,"column":68},"end":{"line":13,"column":69}},"loc":{"start":{"line":13,"column":80},"end":{"line":13,"column":111}},"line":13},"1":{"name":"(anonymous_1)","decl":{"start":{"line":14,"column":70},"end":{"line":14,"column":71}},"loc":{"start":{"line":14,"column":82},"end":{"line":14,"column":115}},"line":14}},"branchMap":{},"s":{"0":1,"1":1,"2":1,"3":1,"4":1,"5":1,"6":1,"7":1,"8":1,"9":1,"10":1,"11":1,"12":0,"13":1,"14":0,"15":1,"16":1,"17":1,"18":1,"19":1,"20":1},"f":{"0":0,"1":0},"b":{},"inputSourceMap":null,"_coverageSchema":"1a1c01bbd47fc00a2c39e90264f33305004495a9","hash":"e6ef7e0c973e447e9d7c5d09d54620cb15cbb3ac"}
,"/Users/guvenaltunsoy/Desktop/perfanalysis/API/src/utils/jwt-token.ts": {"path":"/Users/guvenaltunsoy/Desktop/perfanalysis/API/src/utils/jwt-token.ts","statementMap":{"0":{"start":{"line":2,"column":0},"end":{"line":2,"column":62}},"1":{"start":{"line":3,"column":12},"end":{"line":3,"column":35}},"2":{"start":{"line":4,"column":15},"end":{"line":13,"column":1}},"3":{"start":{"line":5,"column":4},"end":{"line":12,"column":5}},"4":{"start":{"line":6,"column":8},"end":{"line":8,"column":11}},"5":{"start":{"line":11,"column":8},"end":{"line":11,"column":37}},"6":{"start":{"line":14,"column":17},"end":{"line":23,"column":1}},"7":{"start":{"line":15,"column":4},"end":{"line":22,"column":5}},"8":{"start":{"line":16,"column":8},"end":{"line":18,"column":11}},"9":{"start":{"line":21,"column":8},"end":{"line":21,"column":37}},"10":{"start":{"line":24,"column":0},"end":{"line":27,"column":2}}},"fnMap":{"0":{"name":"(anonymous_0)","decl":{"start":{"line":4,"column":15},"end":{"line":4,"column":16}},"loc":{"start":{"line":4,"column":34},"end":{"line":13,"column":1}},"line":4},"1":{"name":"(anonymous_1)","decl":{"start":{"line":14,"column":17},"end":{"line":14,"column":18}},"loc":{"start":{"line":14,"column":35},"end":{"line":23,"column":1}},"line":14}},"branchMap":{},"s":{"0":1,"1":1,"2":1,"3":0,"4":0,"5":0,"6":1,"7":0,"8":0,"9":0,"10":1},"f":{"0":0,"1":0},"b":{},"inputSourceMap":null,"_coverageSchema":"1a1c01bbd47fc00a2c39e90264f33305004495a9","hash":"3c22c65a848a27fd5ef9b6361492988b9f5610af"}
,"/Users/guvenaltunsoy/Desktop/perfanalysis/API/src/utils/localization.ts": {"path":"/Users/guvenaltunsoy/Desktop/perfanalysis/API/src/utils/localization.ts","statementMap":{"0":{"start":{"line":2,"column":0},"end":{"line":2,"column":62}},"1":{"start":{"line":3,"column":16},"end":{"line":3,"column":46}},"2":{"start":{"line":4,"column":16},"end":{"line":4,"column":34}},"3":{"start":{"line":5,"column":13},"end":{"line":5,"column":15}},"4":{"start":{"line":6,"column":18},"end":{"line":22,"column":1}},"5":{"start":{"line":7,"column":4},"end":{"line":21,"column":5}},"6":{"start":{"line":8,"column":8},"end":{"line":15,"column":9}},"7":{"start":{"line":10,"column":16},"end":{"line":10,"column":41}},"8":{"start":{"line":11,"column":16},"end":{"line":11,"column":22}},"9":{"start":{"line":13,"column":16},"end":{"line":13,"column":41}},"10":{"start":{"line":14,"column":16},"end":{"line":14,"column":22}},"11":{"start":{"line":16,"column":8},"end":{"line":16,"column":20}},"12":{"start":{"line":19,"column":8},"end":{"line":19,"column":93}},"13":{"start":{"line":20,"column":8},"end":{"line":20,"column":21}},"14":{"start":{"line":24,"column":4},"end":{"line":24,"column":42}},"15":{"start":{"line":27,"column":0},"end":{"line":27,"column":19}},"16":{"start":{"line":28,"column":0},"end":{"line":28,"column":31}}},"fnMap":{"0":{"name":"(anonymous_0)","decl":{"start":{"line":6,"column":18},"end":{"line":6,"column":19}},"loc":{"start":{"line":6,"column":33},"end":{"line":22,"column":1}},"line":6},"1":{"name":"localization","decl":{"start":{"line":23,"column":9},"end":{"line":23,"column":21}},"loc":{"start":{"line":23,"column":27},"end":{"line":25,"column":1}},"line":23}},"branchMap":{"0":{"loc":{"start":{"line":8,"column":8},"end":{"line":15,"column":9}},"type":"switch","locations":[{"start":{"line":9,"column":12},"end":{"line":11,"column":22}},{"start":{"line":12,"column":12},"end":{"line":14,"column":22}}],"line":8},"1":{"loc":{"start":{"line":24,"column":11},"end":{"line":24,"column":41}},"type":"cond-expr","locations":[{"start":{"line":24,"column":25},"end":{"line":24,"column":36}},{"start":{"line":24,"column":39},"end":{"line":24,"column":41}}],"line":24}},"s":{"0":1,"1":1,"2":1,"3":1,"4":1,"5":1,"6":1,"7":1,"8":1,"9":0,"10":0,"11":1,"12":0,"13":0,"14":0,"15":1,"16":1},"f":{"0":1,"1":0},"b":{"0":[1,0],"1":[0,0]},"inputSourceMap":null,"_coverageSchema":"1a1c01bbd47fc00a2c39e90264f33305004495a9","hash":"84aa3a349686a7f40d3c3bf03d9045175b718c36"}
,"/Users/guvenaltunsoy/Desktop/perfanalysis/API/src/utils/logger.ts": {"path":"/Users/guvenaltunsoy/Desktop/perfanalysis/API/src/utils/logger.ts","statementMap":{"0":{"start":{"line":2,"column":0},"end":{"line":2,"column":62}},"1":{"start":{"line":3,"column":17},"end":{"line":3,"column":40}},"2":{"start":{"line":4,"column":15},"end":{"line":4,"column":46}},"3":{"start":{"line":5,"column":0},"end":{"line":5,"column":25}}},"fnMap":{},"branchMap":{},"s":{"0":1,"1":1,"2":1,"3":1},"f":{},"b":{},"inputSourceMap":null,"_coverageSchema":"1a1c01bbd47fc00a2c39e90264f33305004495a9","hash":"6757899463d3e3860acd435bc790902d662546df"}
,"/Users/guvenaltunsoy/Desktop/perfanalysis/API/src/utils/mongo.ts": {"path":"/Users/guvenaltunsoy/Desktop/perfanalysis/API/src/utils/mongo.ts","statementMap":{"0":{"start":{"line":2,"column":0},"end":{"line":2,"column":62}},"1":{"start":{"line":3,"column":16},"end":{"line":3,"column":38}},"2":{"start":{"line":4,"column":0},"end":{"line":4,"column":34}}},"fnMap":{},"branchMap":{},"s":{"0":1,"1":1,"2":1},"f":{},"b":{},"inputSourceMap":null,"_coverageSchema":"1a1c01bbd47fc00a2c39e90264f33305004495a9","hash":"2609a784bcccd8ef8e2d0c6161e5fc9dff9d0f8a"}
,"/Users/guvenaltunsoy/Desktop/perfanalysis/API/src/utils/response.ts": {"path":"/Users/guvenaltunsoy/Desktop/perfanalysis/API/src/utils/response.ts","statementMap":{"0":{"start":{"line":2,"column":0},"end":{"line":2,"column":62}},"1":{"start":{"line":3,"column":0},"end":{"line":3,"column":47}},"2":{"start":{"line":12,"column":38},"end":{"line":12,"column":40}},"3":{"start":{"line":14,"column":8},"end":{"line":14,"column":45}},"4":{"start":{"line":16,"column":8},"end":{"line":18,"column":9}},"5":{"start":{"line":17,"column":12},"end":{"line":17,"column":68}},"6":{"start":{"line":19,"column":8},"end":{"line":19,"column":37}},"7":{"start":{"line":22,"column":8},"end":{"line":24,"column":10}},"8":{"start":{"line":27,"column":37},"end":{"line":27,"column":39}},"9":{"start":{"line":28,"column":8},"end":{"line":33,"column":9}},"10":{"start":{"line":29,"column":12},"end":{"line":32,"column":15}},"11":{"start":{"line":30,"column":33},"end":{"line":30,"column":55}},"12":{"start":{"line":31,"column":16},"end":{"line":31,"column":71}},"13":{"start":{"line":34,"column":8},"end":{"line":36,"column":10}},"14":{"start":{"line":39,"column":0},"end":{"line":39,"column":28}},"15":{"start":{"line":43,"column":19},"end":{"line":61,"column":1}},"16":{"start":{"line":62,"column":0},"end":{"line":62,"column":32}}},"fnMap":{"0":{"name":"(anonymous_0)","decl":{"start":{"line":11,"column":4},"end":{"line":11,"column":5}},"loc":{"start":{"line":11,"column":31},"end":{"line":20,"column":5}},"line":11},"1":{"name":"(anonymous_1)","decl":{"start":{"line":21,"column":4},"end":{"line":21,"column":5}},"loc":{"start":{"line":21,"column":49},"end":{"line":25,"column":5}},"line":21},"2":{"name":"(anonymous_2)","decl":{"start":{"line":26,"column":4},"end":{"line":26,"column":5}},"loc":{"start":{"line":26,"column":31},"end":{"line":37,"column":5}},"line":26},"3":{"name":"(anonymous_3)","decl":{"start":{"line":29,"column":32},"end":{"line":29,"column":33}},"loc":{"start":{"line":29,"column":41},"end":{"line":32,"column":13}},"line":29}},"branchMap":{"0":{"loc":{"start":{"line":16,"column":8},"end":{"line":18,"column":9}},"type":"if","locations":[{"start":{"line":16,"column":8},"end":{"line":18,"column":9}},{"start":{"line":16,"column":8},"end":{"line":18,"column":9}}],"line":16},"1":{"loc":{"start":{"line":16,"column":12},"end":{"line":16,"column":44}},"type":"binary-expr","locations":[{"start":{"line":16,"column":12},"end":{"line":16,"column":16}},{"start":{"line":16,"column":20},"end":{"line":16,"column":44}}],"line":16},"2":{"loc":{"start":{"line":28,"column":8},"end":{"line":33,"column":9}},"type":"if","locations":[{"start":{"line":28,"column":8},"end":{"line":33,"column":9}},{"start":{"line":28,"column":8},"end":{"line":33,"column":9}}],"line":28},"3":{"loc":{"start":{"line":28,"column":12},"end":{"line":28,"column":49}},"type":"binary-expr","locations":[{"start":{"line":28,"column":12},"end":{"line":28,"column":23}},{"start":{"line":28,"column":27},"end":{"line":28,"column":49}}],"line":28}},"s":{"0":1,"1":1,"2":0,"3":0,"4":0,"5":0,"6":0,"7":0,"8":0,"9":0,"10":0,"11":0,"12":0,"13":0,"14":1,"15":1,"16":1},"f":{"0":0,"1":0,"2":0,"3":0},"b":{"0":[0,0],"1":[0,0],"2":[0,0],"3":[0,0]},"inputSourceMap":null,"_coverageSchema":"1a1c01bbd47fc00a2c39e90264f33305004495a9","hash":"ebf47ff6a73894f1cdced7f810c463566c4e9963"}
,"/Users/guvenaltunsoy/Desktop/perfanalysis/API/tests/mongoMock.js.ts": {"path":"/Users/guvenaltunsoy/Desktop/perfanalysis/API/tests/mongoMock.js.ts","statementMap":{"0":{"start":{"line":2,"column":16},"end":{"line":10,"column":1}},"1":{"start":{"line":3,"column":28},"end":{"line":3,"column":110}},"2":{"start":{"line":3,"column":91},"end":{"line":3,"column":106}},"3":{"start":{"line":4,"column":4},"end":{"line":9,"column":7}},"4":{"start":{"line":5,"column":36},"end":{"line":5,"column":97}},"5":{"start":{"line":5,"column":42},"end":{"line":5,"column":70}},"6":{"start":{"line":5,"column":85},"end":{"line":5,"column":95}},"7":{"start":{"line":6,"column":35},"end":{"line":6,"column":100}},"8":{"start":{"line":6,"column":41},"end":{"line":6,"column":73}},"9":{"start":{"line":6,"column":88},"end":{"line":6,"column":98}},"10":{"start":{"line":7,"column":32},"end":{"line":7,"column":116}},"11":{"start":{"line":8,"column":8},"end":{"line":8,"column":78}},"12":{"start":{"line":11,"column":0},"end":{"line":11,"column":62}},"13":{"start":{"line":12,"column":16},"end":{"line":12,"column":39}},"14":{"start":{"line":14,"column":4},"end":{"line":26,"column":7}},"15":{"start":{"line":15,"column":8},"end":{"line":17,"column":9}},"16":{"start":{"line":16,"column":12},"end":{"line":16,"column":19}},"17":{"start":{"line":18,"column":28},"end":{"line":24,"column":10}},"18":{"start":{"line":25,"column":8},"end":{"line":25,"column":82}},"19":{"start":{"line":28,"column":0},"end":{"line":28,"column":35}}},"fnMap":{"0":{"name":"(anonymous_0)","decl":{"start":{"line":2,"column":44},"end":{"line":2,"column":45}},"loc":{"start":{"line":2,"column":89},"end":{"line":10,"column":1}},"line":2},"1":{"name":"adopt","decl":{"start":{"line":3,"column":13},"end":{"line":3,"column":18}},"loc":{"start":{"line":3,"column":26},"end":{"line":3,"column":112}},"line":3},"2":{"name":"(anonymous_2)","decl":{"start":{"line":3,"column":70},"end":{"line":3,"column":71}},"loc":{"start":{"line":3,"column":89},"end":{"line":3,"column":108}},"line":3},"3":{"name":"(anonymous_3)","decl":{"start":{"line":4,"column":36},"end":{"line":4,"column":37}},"loc":{"start":{"line":4,"column":63},"end":{"line":9,"column":5}},"line":4},"4":{"name":"fulfilled","decl":{"start":{"line":5,"column":17},"end":{"line":5,"column":26}},"loc":{"start":{"line":5,"column":34},"end":{"line":5,"column":99}},"line":5},"5":{"name":"rejected","decl":{"start":{"line":6,"column":17},"end":{"line":6,"column":25}},"loc":{"start":{"line":6,"column":33},"end":{"line":6,"column":102}},"line":6},"6":{"name":"step","decl":{"start":{"line":7,"column":17},"end":{"line":7,"column":21}},"loc":{"start":{"line":7,"column":30},"end":{"line":7,"column":118}},"line":7},"7":{"name":"createConnection","decl":{"start":{"line":13,"column":9},"end":{"line":13,"column":25}},"loc":{"start":{"line":13,"column":28},"end":{"line":27,"column":1}},"line":13},"8":{"name":"(anonymous_8)","decl":{"start":{"line":14,"column":43},"end":{"line":14,"column":44}},"loc":{"start":{"line":14,"column":56},"end":{"line":26,"column":5}},"line":14}},"branchMap":{"0":{"loc":{"start":{"line":2,"column":16},"end":{"line":10,"column":1}},"type":"binary-expr","locations":[{"start":{"line":2,"column":17},"end":{"line":2,"column":21}},{"start":{"line":2,"column":25},"end":{"line":2,"column":39}},{"start":{"line":2,"column":44},"end":{"line":10,"column":1}}],"line":2},"1":{"loc":{"start":{"line":3,"column":35},"end":{"line":3,"column":109}},"type":"cond-expr","locations":[{"start":{"line":3,"column":56},"end":{"line":3,"column":61}},{"start":{"line":3,"column":64},"end":{"line":3,"column":109}}],"line":3},"2":{"loc":{"start":{"line":4,"column":16},"end":{"line":4,"column":34}},"type":"binary-expr","locations":[{"start":{"line":4,"column":16},"end":{"line":4,"column":17}},{"start":{"line":4,"column":22},"end":{"line":4,"column":33}}],"line":4},"3":{"loc":{"start":{"line":7,"column":32},"end":{"line":7,"column":115}},"type":"cond-expr","locations":[{"start":{"line":7,"column":46},"end":{"line":7,"column":67}},{"start":{"line":7,"column":70},"end":{"line":7,"column":115}}],"line":7},"4":{"loc":{"start":{"line":8,"column":51},"end":{"line":8,"column":67}},"type":"binary-expr","locations":[{"start":{"line":8,"column":51},"end":{"line":8,"column":61}},{"start":{"line":8,"column":65},"end":{"line":8,"column":67}}],"line":8},"5":{"loc":{"start":{"line":15,"column":8},"end":{"line":17,"column":9}},"type":"if","locations":[{"start":{"line":15,"column":8},"end":{"line":17,"column":9}},{"start":{"line":15,"column":8},"end":{"line":17,"column":9}}],"line":15}},"s":{"0":1,"1":1,"2":0,"3":7,"4":1,"5":1,"6":0,"7":0,"8":0,"9":0,"10":8,"11":7,"12":1,"13":1,"14":7,"15":7,"16":6,"17":1,"18":1,"19":1},"f":{"0":7,"1":1,"2":0,"3":7,"4":1,"5":0,"6":8,"7":7,"8":7},"b":{"0":[1,1,1],"1":[1,0],"2":[7,7],"3":[7,1],"4":[7,7],"5":[6,1]},"inputSourceMap":null,"_coverageSchema":"1a1c01bbd47fc00a2c39e90264f33305004495a9","hash":"91ea7d989561b0546b00d952dfa2f17d4a06faa6"}
}
