TN:
SF:config/index.ts
FN:6,(anonymous_0)
FNF:1
FNH:1
FNDA:1,(anonymous_0)
DA:2,1
DA:3,1
DA:4,1
DA:5,1
DA:6,1
DA:7,1
DA:8,1
DA:10,0
DA:12,1
DA:14,0
DA:15,0
DA:18,1
LF:12
LH:9
BRDA:7,0,0,1
BRDA:7,0,1,0
BRDA:7,1,0,1
BRDA:7,1,1,1
BRDA:8,2,0,0
BRDA:8,2,1,1
BRDA:8,2,2,0
BRF:7
BRH:4
end_of_record
TN:
SF:config/dev/index.ts
FNF:0
FNH:0
DA:2,1
DA:3,1
LF:2
LH:2
BRF:0
BRH:0
end_of_record
TN:
SF:config/test/index.ts
FNF:0
FNH:0
DA:2,1
DA:3,1
LF:2
LH:2
BRF:0
BRH:0
end_of_record
TN:
SF:locales/en-us.ts
FNF:0
FNH:0
DA:2,1
DA:3,1
LF:2
LH:2
BRF:0
BRH:0
end_of_record
TN:
SF:logger/index.ts
FN:4,(anonymous_0)
FNF:1
FNH:1
FNDA:1,(anonymous_0)
DA:2,1
DA:3,1
DA:4,1
DA:5,1
DA:6,1
DA:8,1
LF:6
LH:6
BRDA:4,0,0,0
BRF:1
BRH:0
end_of_record
TN:
SF:logger/winston-logger.ts
FN:17,(anonymous_0)
FN:41,(anonymous_1)
FN:54,(anonymous_2)
FN:73,(anonymous_3)
FNF:4
FNH:3
FNDA:1,(anonymous_0)
FNDA:6,(anonymous_1)
FNDA:1,(anonymous_2)
FNDA:0,(anonymous_3)
DA:2,1
DA:3,1
DA:4,1
DA:5,1
DA:6,1
DA:7,1
DA:9,1
DA:17,1
DA:18,1
DA:19,1
DA:20,0
DA:21,0
DA:22,0
DA:23,0
DA:24,0
DA:25,0
DA:26,0
DA:27,0
DA:28,0
DA:29,0
DA:32,1
DA:33,0
DA:34,1
DA:37,0
DA:38,0
DA:41,1
DA:42,6
DA:43,6
DA:44,6
DA:45,6
DA:46,0
DA:47,0
DA:48,0
DA:51,6
DA:54,1
DA:55,1
DA:73,1
DA:74,0
DA:76,1
DA:78,1
LF:40
LH:23
BRDA:19,0,0,0
BRDA:19,0,1,1
BRDA:19,1,0,1
BRDA:19,1,1,1
BRDA:20,2,0,0
BRDA:20,2,1,0
BRDA:20,3,0,0
BRDA:20,3,1,0
BRDA:22,4,0,0
BRDA:22,4,1,0
BRDA:22,5,0,0
BRDA:22,5,1,0
BRDA:24,6,0,0
BRDA:24,6,1,0
BRDA:26,7,0,0
BRDA:26,7,1,0
BRDA:28,8,0,0
BRDA:28,8,1,0
BRDA:32,9,0,0
BRDA:32,9,1,1
BRDA:45,10,0,0
BRDA:45,10,1,6
BRDA:47,11,0,0
BRDA:47,11,1,0
BRF:24
BRH:5
end_of_record
TN:
SF:mongo/index.ts
FN:2,(anonymous_0)
FN:3,adopt
FN:3,(anonymous_2)
FN:4,(anonymous_3)
FN:5,fulfilled
FN:6,rejected
FN:7,step
FN:14,(anonymous_7)
FN:14,(anonymous_8)
FNF:9
FNH:7
FNDA:1,(anonymous_0)
FNDA:1,adopt
FNDA:0,(anonymous_2)
FNDA:1,(anonymous_3)
FNDA:1,fulfilled
FNDA:0,rejected
FNDA:2,step
FNDA:1,(anonymous_7)
FNDA:1,(anonymous_8)
DA:2,1
DA:3,1
DA:4,1
DA:5,1
DA:6,0
DA:7,2
DA:8,1
DA:11,1
DA:12,1
DA:13,1
DA:14,1
DA:15,1
DA:16,1
DA:17,1
DA:18,1
DA:21,0
DA:24,1
LF:17
LH:15
BRDA:2,0,0,1
BRDA:2,0,1,1
BRDA:2,0,2,1
BRDA:3,1,0,1
BRDA:3,1,1,0
BRDA:4,2,0,1
BRDA:4,2,1,1
BRDA:7,3,0,1
BRDA:7,3,1,1
BRDA:8,4,0,1
BRDA:8,4,1,1
BRF:11
BRH:10
end_of_record
TN:
SF:mongo/src/mongo.ts
FN:9,(anonymous_0)
FN:35,(anonymous_1)
FN:46,(anonymous_2)
FN:48,(anonymous_3)
FN:49,(anonymous_4)
FN:54,(anonymous_5)
FN:58,(anonymous_6)
FN:64,(anonymous_7)
FNF:8
FNH:6
FNDA:1,(anonymous_0)
FNDA:1,(anonymous_1)
FNDA:1,(anonymous_2)
FNDA:1,(anonymous_3)
FNDA:1,(anonymous_4)
FNDA:0,(anonymous_5)
FNDA:0,(anonymous_6)
FNDA:1,(anonymous_7)
DA:2,1
DA:3,1
DA:4,1
DA:5,1
DA:6,1
DA:7,1
DA:10,1
DA:11,1
DA:12,1
DA:13,1
DA:25,1
DA:26,0
DA:29,1
DA:30,1
DA:35,1
DA:36,1
DA:37,0
DA:38,0
DA:41,1
DA:42,1
DA:47,1
DA:48,1
DA:49,1
DA:50,1
DA:51,1
DA:52,1
DA:54,1
DA:55,0
DA:56,0
DA:58,1
DA:59,0
DA:60,0
DA:65,1
DA:68,1
LF:34
LH:27
BRDA:16,0,0,0
BRDA:16,0,1,1
BRDA:25,1,0,0
BRDA:25,1,1,1
BRDA:29,2,0,1
BRDA:29,2,1,0
BRDA:29,3,0,1
BRDA:29,3,1,1
BRDA:36,4,0,0
BRDA:36,4,1,1
BRF:10
BRH:6
end_of_record
TN:
SF:mongo/src/utils/constants.ts
FNF:0
FNH:0
DA:2,1
DA:3,1
DA:11,1
LF:3
LH:3
BRF:0
BRH:0
end_of_record
TN:
SF:src/models/navigations.ts
FN:2,(anonymous_0)
FN:3,adopt
FN:3,(anonymous_2)
FN:4,(anonymous_3)
FN:5,fulfilled
FN:6,rejected
FN:7,step
FN:15,(anonymous_7)
FN:19,(anonymous_8)
FN:26,(anonymous_9)
FN:55,(anonymous_10)
FN:56,(anonymous_11)
FN:66,(anonymous_12)
FN:67,(anonymous_13)
FN:81,(anonymous_14)
FN:82,(anonymous_15)
FN:96,(anonymous_16)
FN:97,(anonymous_17)
FN:111,(anonymous_18)
FN:112,(anonymous_19)
FN:114,(anonymous_20)
FNF:21
FNH:15
FNDA:7,(anonymous_0)
FNDA:7,adopt
FNDA:7,(anonymous_2)
FNDA:7,(anonymous_3)
FNDA:7,fulfilled
FNDA:0,rejected
FNDA:14,step
FNDA:1,(anonymous_7)
FNDA:7,(anonymous_8)
FNDA:1,(anonymous_9)
FNDA:0,(anonymous_10)
FNDA:0,(anonymous_11)
FNDA:1,(anonymous_12)
FNDA:1,(anonymous_13)
FNDA:1,(anonymous_14)
FNDA:1,(anonymous_15)
FNDA:5,(anonymous_16)
FNDA:5,(anonymous_17)
FNDA:0,(anonymous_18)
FNDA:0,(anonymous_19)
FNDA:0,(anonymous_20)
DA:2,1
DA:3,7
DA:4,7
DA:5,7
DA:6,0
DA:7,14
DA:8,7
DA:11,1
DA:12,1
DA:13,1
DA:16,1
DA:17,1
DA:20,7
DA:21,1
DA:22,1
DA:24,6
DA:27,1
DA:28,1
DA:29,1
DA:53,1
DA:56,0
DA:57,0
DA:63,0
DA:67,1
DA:68,1
DA:78,1
DA:82,1
DA:83,1
DA:93,1
DA:97,5
DA:98,5
DA:108,5
DA:112,0
DA:113,0
DA:114,0
DA:115,0
DA:116,0
DA:117,0
DA:119,0
DA:123,1
LF:40
LH:29
BRDA:2,0,0,1
BRDA:2,0,1,1
BRDA:2,0,2,1
BRDA:3,1,0,0
BRDA:3,1,1,7
BRDA:4,2,0,7
BRDA:4,2,1,7
BRDA:7,3,0,7
BRDA:7,3,1,7
BRDA:8,4,0,7
BRDA:8,4,1,7
BRDA:20,5,0,1
BRDA:20,5,1,6
BRDA:115,6,0,0
BRDA:115,6,1,0
BRF:15
BRH:12
end_of_record
TN:
SF:src/utils/config.ts
FNF:0
FNH:0
DA:2,1
DA:3,1
DA:4,1
DA:5,1
DA:6,1
LF:5
LH:5
BRF:0
BRH:0
end_of_record
TN:
SF:src/utils/connections.ts
FN:12,(anonymous_0)
FN:13,(anonymous_1)
FN:16,(anonymous_2)
FNF:3
FNH:2
FNDA:0,(anonymous_0)
FNDA:1,(anonymous_1)
FNDA:8,(anonymous_2)
DA:2,1
DA:14,1
DA:17,8
DA:20,1
DA:21,1
LF:5
LH:5
BRDA:17,0,0,7
BRDA:17,0,1,1
BRF:2
BRH:2
end_of_record
TN:
SF:src/utils/constants.ts
FNF:0
FNH:0
DA:2,1
DA:3,1
DA:4,1
DA:10,1
DA:11,1
DA:12,1
DA:16,1
LF:7
LH:7
BRDA:3,0,0,1
BRDA:3,0,1,1
BRDA:10,1,0,1
BRDA:10,1,1,1
BRDA:10,1,2,0
BRDA:11,2,0,1
BRDA:11,2,1,1
BRF:7
BRH:6
end_of_record
TN:
SF:src/utils/index.ts
FN:13,(anonymous_0)
FN:14,(anonymous_1)
FNF:2
FNH:0
FNDA:0,(anonymous_0)
FNDA:0,(anonymous_1)
DA:2,1
DA:3,1
DA:4,1
DA:5,1
DA:6,1
DA:7,1
DA:8,1
DA:9,1
DA:10,1
DA:11,1
DA:12,1
DA:13,1
DA:14,1
DA:15,1
DA:16,1
DA:17,1
DA:18,1
DA:19,1
DA:20,1
LF:19
LH:19
BRF:0
BRH:0
end_of_record
TN:
SF:src/utils/jwt-token.ts
FN:4,(anonymous_0)
FN:14,(anonymous_1)
FNF:2
FNH:0
FNDA:0,(anonymous_0)
FNDA:0,(anonymous_1)
DA:2,1
DA:3,1
DA:4,1
DA:5,0
DA:6,0
DA:11,0
DA:14,1
DA:15,0
DA:16,0
DA:21,0
DA:24,1
LF:11
LH:5
BRF:0
BRH:0
end_of_record
TN:
SF:src/utils/localization.ts
FN:6,(anonymous_0)
FN:23,localization
FNF:2
FNH:1
FNDA:1,(anonymous_0)
FNDA:0,localization
DA:2,1
DA:3,1
DA:4,1
DA:5,1
DA:6,1
DA:7,1
DA:8,1
DA:10,1
DA:11,1
DA:13,0
DA:14,0
DA:16,1
DA:19,0
DA:20,0
DA:24,0
DA:27,1
DA:28,1
LF:17
LH:12
BRDA:8,0,0,1
BRDA:8,0,1,0
BRDA:24,1,0,0
BRDA:24,1,1,0
BRF:4
BRH:1
end_of_record
TN:
SF:src/utils/logger.ts
FNF:0
FNH:0
DA:2,1
DA:3,1
DA:4,1
DA:5,1
LF:4
LH:4
BRF:0
BRH:0
end_of_record
TN:
SF:src/utils/mongo.ts
FNF:0
FNH:0
DA:2,1
DA:3,1
DA:4,1
LF:3
LH:3
BRF:0
BRH:0
end_of_record
TN:
SF:src/utils/response.ts
FN:11,(anonymous_0)
FN:21,(anonymous_1)
FN:26,(anonymous_2)
FN:29,(anonymous_3)
FNF:4
FNH:0
FNDA:0,(anonymous_0)
FNDA:0,(anonymous_1)
FNDA:0,(anonymous_2)
FNDA:0,(anonymous_3)
DA:2,1
DA:3,1
DA:12,0
DA:14,0
DA:16,0
DA:17,0
DA:19,0
DA:22,0
DA:27,0
DA:28,0
DA:29,0
DA:30,0
DA:31,0
DA:34,0
DA:39,1
DA:43,1
DA:62,1
LF:17
LH:5
BRDA:16,0,0,0
BRDA:16,0,1,0
BRDA:16,1,0,0
BRDA:16,1,1,0
BRDA:28,2,0,0
BRDA:28,2,1,0
BRDA:28,3,0,0
BRDA:28,3,1,0
BRF:8
BRH:0
end_of_record
TN:
SF:tests/mongoMock.js.ts
FN:2,(anonymous_0)
FN:3,adopt
FN:3,(anonymous_2)
FN:4,(anonymous_3)
FN:5,fulfilled
FN:6,rejected
FN:7,step
FN:13,createConnection
FN:14,(anonymous_8)
FNF:9
FNH:7
FNDA:7,(anonymous_0)
FNDA:1,adopt
FNDA:0,(anonymous_2)
FNDA:7,(anonymous_3)
FNDA:1,fulfilled
FNDA:0,rejected
FNDA:8,step
FNDA:7,createConnection
FNDA:7,(anonymous_8)
DA:2,1
DA:3,1
DA:4,7
DA:5,1
DA:6,0
DA:7,8
DA:8,7
DA:11,1
DA:12,1
DA:14,7
DA:15,7
DA:16,6
DA:18,1
DA:25,1
DA:28,1
LF:15
LH:14
BRDA:2,0,0,1
BRDA:2,0,1,1
BRDA:2,0,2,1
BRDA:3,1,0,1
BRDA:3,1,1,0
BRDA:4,2,0,7
BRDA:4,2,1,7
BRDA:7,3,0,7
BRDA:7,3,1,1
BRDA:8,4,0,7
BRDA:8,4,1,7
BRDA:15,5,0,6
BRDA:15,5,1,1
BRF:13
BRH:12
end_of_record
